Removed Pin From Net: NetName=VCC Pin=H1-1
Removed Pin From Net: NetName=GND Pin=H1-3
Removed Pin From Net: NetName=VCC Pin=H2-1
Removed Pin From Net: NetName=GND Pin=H2-3
Removed Pin From Net: NetName=VCC Pin=H3-1
Removed Pin From Net: NetName=GND Pin=H3-3
Removed Pin From Net: NetName=GND Pin=U1-5
Removed Pin From Net: NetName=VCC Pin=U1-8
Removed Pin From Net: NetName=GND Pin=U2-5
Removed Pin From Net: NetName=GND Pin=U2-6
Removed Pin From Net: NetName=VCC Pin=U2-8
Removed Member From Class: ClassName=Designator Member=U1
Removed Member From Class: ClassName=Designator Member=U2
Removed Member From Class: ClassName=Designator Member=U3
Change Component Footprint: Designator=H1 Old Footprint=Header 3  -MolexPicoBlade - RightAngle New Footprint=Header 4  -MolexPicoBlade - RightAngle
Change Component Footprint: Designator=H3 Old Footprint=Header 3  -MolexPicoBlade - RightAngle New Footprint=Header 4  -MolexPicoBlade - RightAngle
Change Component Comment : Designator=H1 Old Comment=Header 3 New Comment=Header 4
Change Component Comment : Designator=H3 Old Comment=Header 3 New Comment=Header 4
Added Component: Designator=C37(0402[IMP])
Added Component: Designator=C38(0402[IMP])
Added Component: Designator=C39(0402[IMP])
Added Component: Designator=C40(0402[IMP])
Added Component: Designator=C41(0402[IMP])
Added Component: Designator=C42(0402[IMP])
Added Component: Designator=R9(0402[IMP])
Added Component: Designator=R10(0402[IMP])
Added Component: Designator=R11(0402[IMP])
Added Component: Designator=R12(0402[IMP])
Added Component: Designator=R13(0402[IMP])
Added Component: Designator=R14(0402[IMP])
Added Component: Designator=R15(0402[IMP])
Added Component: Designator=R16(0402[IMP])
Added Component: Designator=R17(0402[IMP])
Added Component: Designator=R18(0402[IMP])
Added Component: Designator=R19(0402[IMP])
Added Component: Designator=R20(0402[IMP])
Added Component: Designator=U6(MSOP-8)
Added Component: Designator=U7(MSOP-8)
Added Component: Designator=U8(MSOP-8)
Added Component: Designator=U9(MSOP-8)
Added Pin To Net: NetName=NetE2_1 Pin=H2-1
Added Pin To Net: NetName=NetE2_1 Pin=H2-2
Added Pin To Net: NetName=NetE2_1 Pin=H2-3
Added Pin To Net: NetName=NetE1_1 Pin=U6-2
Added Pin To Net: NetName=NetE3_1 Pin=U7-2
Added Pin To Net: NetName=GND1 Pin=C38-2
Added Pin To Net: NetName=GND1 Pin=H1-4
Added Pin To Net: NetName=GND1 Pin=R14-1
Added Pin To Net: NetName=GND1 Pin=U6-1
Added Pin To Net: NetName=GND1 Pin=U6-4
Added Pin To Net: NetName=GND1 Pin=U8-4
Added Net: Name=GND1
Added Pin To Net: NetName=GND2 Pin=C41-2
Added Pin To Net: NetName=GND2 Pin=H3-4
Added Pin To Net: NetName=GND2 Pin=R20-1
Added Pin To Net: NetName=GND2 Pin=U7-1
Added Pin To Net: NetName=GND2 Pin=U7-4
Added Pin To Net: NetName=GND2 Pin=U9-4
Added Net: Name=GND2
Added Pin To Net: NetName=GND_E_1 Pin=H1-3
Added Pin To Net: NetName=GND_E_1 Pin=R9-2
Added Pin To Net: NetName=GND_E_1 Pin=U6-3
Added Pin To Net: NetName=GND_E_1 Pin=U8-3
Added Pin To Net: NetName=GND_E_1 Pin=U8-5
Added Pin To Net: NetName=GND_E_1 Pin=U8-7
Added Net: Name=GND_E_1
Added Pin To Net: NetName=GND_E_2 Pin=H3-3
Added Pin To Net: NetName=GND_E_2 Pin=R15-2
Added Pin To Net: NetName=GND_E_2 Pin=U7-3
Added Pin To Net: NetName=GND_E_2 Pin=U9-3
Added Pin To Net: NetName=GND_E_2 Pin=U9-5
Added Pin To Net: NetName=GND_E_2 Pin=U9-7
Added Net: Name=GND_E_2
Added Pin To Net: NetName=NetC37_1 Pin=C37-1
Added Pin To Net: NetName=NetC37_1 Pin=R9-1
Added Pin To Net: NetName=NetC37_1 Pin=R10-2
Added Pin To Net: NetName=NetC37_1 Pin=U6-7
Added Net: Name=NetC37_1
Added Pin To Net: NetName=NetC37_2 Pin=C37-2
Added Pin To Net: NetName=NetC37_2 Pin=R10-1
Added Pin To Net: NetName=NetC37_2 Pin=R11-1
Added Pin To Net: NetName=NetC37_2 Pin=R12-2
Added Pin To Net: NetName=NetC37_2 Pin=U6-8
Added Net: Name=NetC37_2
Added Pin To Net: NetName=NetC38_1 Pin=C38-1
Added Pin To Net: NetName=NetC38_1 Pin=H1-2
Added Pin To Net: NetName=NetC38_1 Pin=R11-2
Added Net: Name=NetC38_1
Added Pin To Net: NetName=NetC39_1 Pin=C39-1
Added Pin To Net: NetName=NetC39_1 Pin=U6-6
Added Pin To Net: NetName=NetC39_1 Pin=U8-1
Added Net: Name=NetC39_1
Added Pin To Net: NetName=NetC39_2 Pin=C39-2
Added Pin To Net: NetName=NetC39_2 Pin=R12-1
Added Pin To Net: NetName=NetC39_2 Pin=U8-2
Added Net: Name=NetC39_2
Added Pin To Net: NetName=NetC40_1 Pin=C40-1
Added Pin To Net: NetName=NetC40_1 Pin=R15-1
Added Pin To Net: NetName=NetC40_1 Pin=R16-2
Added Pin To Net: NetName=NetC40_1 Pin=U7-7
Added Net: Name=NetC40_1
Added Pin To Net: NetName=NetC40_2 Pin=C40-2
Added Pin To Net: NetName=NetC40_2 Pin=R16-1
Added Pin To Net: NetName=NetC40_2 Pin=R17-1
Added Pin To Net: NetName=NetC40_2 Pin=R18-2
Added Pin To Net: NetName=NetC40_2 Pin=U7-8
Added Net: Name=NetC40_2
Added Pin To Net: NetName=NetC41_1 Pin=C41-1
Added Pin To Net: NetName=NetC41_1 Pin=H3-2
Added Pin To Net: NetName=NetC41_1 Pin=R17-2
Added Net: Name=NetC41_1
Added Pin To Net: NetName=NetC42_1 Pin=C42-1
Added Pin To Net: NetName=NetC42_1 Pin=U7-6
Added Pin To Net: NetName=NetC42_1 Pin=U9-1
Added Net: Name=NetC42_1
Added Pin To Net: NetName=NetC42_2 Pin=C42-2
Added Pin To Net: NetName=NetC42_2 Pin=R18-1
Added Pin To Net: NetName=NetC42_2 Pin=U9-2
Added Net: Name=NetC42_2
Added Pin To Net: NetName=NetR13_1 Pin=R13-1
Added Pin To Net: NetName=NetR13_1 Pin=R14-2
Added Pin To Net: NetName=NetR13_1 Pin=U8-6
Added Net: Name=NetR13_1
Added Pin To Net: NetName=NetR19_1 Pin=R19-1
Added Pin To Net: NetName=NetR19_1 Pin=R20-2
Added Pin To Net: NetName=NetR19_1 Pin=U9-6
Added Net: Name=NetR19_1
Added Pin To Net: NetName=VCC1 Pin=H1-1
Added Pin To Net: NetName=VCC1 Pin=R13-2
Added Pin To Net: NetName=VCC1 Pin=U6-5
Added Pin To Net: NetName=VCC1 Pin=U8-8
Added Net: Name=VCC1
Added Pin To Net: NetName=VCC2 Pin=H3-1
Added Pin To Net: NetName=VCC2 Pin=R19-2
Added Pin To Net: NetName=VCC2 Pin=U7-5
Added Pin To Net: NetName=VCC2 Pin=U9-8
Added Net: Name=VCC2
Added Member To Class: ClassName=Designator Member=Component C37 47nF
Added Member To Class: ClassName=Designator Member=Component C38 22nF
Added Member To Class: ClassName=Designator Member=Component C39 3.3uF
Added Member To Class: ClassName=Designator Member=Component C40 47nF
Added Member To Class: ClassName=Designator Member=Component C41 22nF
Added Member To Class: ClassName=Designator Member=Component C42 3.3uF
Added Member To Class: ClassName=Designator Member=Component R9 1K
Added Member To Class: ClassName=Designator Member=Component R10 100K
Added Member To Class: ClassName=Designator Member=Component R11 110K
Added Member To Class: ClassName=Designator Member=Component R12 2M
Added Member To Class: ClassName=Designator Member=Component R13 100K
Added Member To Class: ClassName=Designator Member=Component R14 100K
Added Member To Class: ClassName=Designator Member=Component R15 1K
Added Member To Class: ClassName=Designator Member=Component R16 100K
Added Member To Class: ClassName=Designator Member=Component R17 110K
Added Member To Class: ClassName=Designator Member=Component R18 2M
Added Member To Class: ClassName=Designator Member=Component R19 100K
Added Member To Class: ClassName=Designator Member=Component R20 100K
Added Member To Class: ClassName=Designator Member=Component U6 Op-Amp
Added Member To Class: ClassName=Designator Member=Component U7 Op-Amp
Added Member To Class: ClassName=Designator Member=Component U8 OpAmp_AD8607
Added Member To Class: ClassName=Designator Member=Component U9 OpAmp_AD8607
